[15-Jun-2020 11:12:42] NOTICE: fpm is running, pid 17601
[15-Jun-2020 11:12:42] NOTICE: ready to handle connections
[15-Jun-2020 11:18:32] NOTICE: fpm is running, pid 19894
[15-Jun-2020 11:18:32] NOTICE: ready to handle connections
[15-Jun-2020 18:49:25] NOTICE: fpm is running, pid 22283
[15-Jun-2020 18:49:25] NOTICE: ready to handle connections
[15-Jun-2020 18:57:51] NOTICE: fpm is running, pid 11571
[15-Jun-2020 18:57:51] NOTICE: ready to handle connections
[16-Jun-2020 00:00:00] NOTICE: fpm is running, pid 19182
[16-Jun-2020 00:00:00] NOTICE: ready to handle connections
[16-Jun-2020 15:45:44] NOTICE: fpm is running, pid 14277
[16-Jun-2020 15:45:44] NOTICE: ready to handle connections
[16-Jun-2020 15:55:33] NOTICE: fpm is running, pid 22893
[16-Jun-2020 15:55:33] NOTICE: ready to handle connections
[16-Jun-2020 16:07:35] NOTICE: fpm is running, pid 1831
[16-Jun-2020 16:07:36] NOTICE: ready to handle connections
[16-Jun-2020 17:16:10] NOTICE: Terminating ...
[16-Jun-2020 19:43:58] NOTICE: fpm is running, pid 21302
[16-Jun-2020 19:43:58] NOTICE: ready to handle connections
[17-Jun-2020 20:34:12] ERROR: Unable to write to the PID file.: No space left on device (28)
[17-Jun-2020 20:34:12] ERROR: FPM initialization failed
[17-Jun-2020 20:38:32] NOTICE: fpm is running, pid 18074
[17-Jun-2020 20:38:32] NOTICE: ready to handle connections
[17-Jun-2020 22:28:17] NOTICE: fpm is running, pid 29847
[17-Jun-2020 22:28:17] NOTICE: ready to handle connections
[17-Jun-2020 22:30:19] NOTICE: fpm is running, pid 30156
[17-Jun-2020 22:30:19] NOTICE: ready to handle connections
[18-Jun-2020 09:46:55] NOTICE: fpm is running, pid 17061
[18-Jun-2020 09:46:55] NOTICE: ready to handle connections
[18-Jun-2020 09:57:53] NOTICE: fpm is running, pid 25981
[18-Jun-2020 09:57:53] NOTICE: ready to handle connections
[18-Jun-2020 19:12:12] NOTICE: fpm is running, pid 2297
[18-Jun-2020 19:12:12] NOTICE: ready to handle connections
[22-Jun-2020 10:02:42] NOTICE: fpm is running, pid 4963
[22-Jun-2020 10:02:42] NOTICE: ready to handle connections
[24-Jun-2020 11:29:50] NOTICE: fpm is running, pid 13549
[24-Jun-2020 11:29:50] NOTICE: ready to handle connections
[24-Jun-2020 19:10:27] NOTICE: fpm is running, pid 16369
[24-Jun-2020 19:10:27] NOTICE: ready to handle connections
[24-Jun-2020 21:42:34] NOTICE: fpm is running, pid 1272
[24-Jun-2020 21:42:34] NOTICE: ready to handle connections
[24-Jun-2020 21:43:13] NOTICE: fpm is running, pid 3643
[24-Jun-2020 21:43:13] NOTICE: ready to handle connections
[01-Oct-2020 15:02:54] NOTICE: fpm is running, pid 24427
[01-Oct-2020 15:02:54] NOTICE: ready to handle connections
[06-Oct-2020 12:11:56] NOTICE: fpm is running, pid 1487
[06-Oct-2020 12:11:56] NOTICE: ready to handle connections
[15-Oct-2020 12:00:49] NOTICE: fpm is running, pid 8856
[15-Oct-2020 12:00:49] NOTICE: ready to handle connections
[15-Oct-2020 12:01:26] NOTICE: fpm is running, pid 9129
[15-Oct-2020 12:01:26] NOTICE: ready to handle connections
[15-Oct-2020 14:10:48] NOTICE: Terminating ...
[15-Oct-2020 14:20:15] NOTICE: fpm is running, pid 2493
[15-Oct-2020 14:20:15] NOTICE: ready to handle connections
[15-Oct-2020 14:21:06] NOTICE: fpm is running, pid 2905
[15-Oct-2020 14:21:06] NOTICE: ready to handle connections
[17-Oct-2020 22:08:37] NOTICE: fpm is running, pid 2062
[17-Oct-2020 22:08:37] NOTICE: ready to handle connections
[18-Oct-2020 03:51:17] NOTICE: fpm is running, pid 3758
[18-Oct-2020 03:51:17] NOTICE: ready to handle connections
[26-Oct-2020 18:05:24] NOTICE: Terminating ...
[26-Oct-2020 18:22:55] NOTICE: fpm is running, pid 3136
[26-Oct-2020 18:22:55] NOTICE: ready to handle connections
[26-Oct-2020 19:12:37] NOTICE: fpm is running, pid 3021
[26-Oct-2020 19:12:37] NOTICE: ready to handle connections
[03-Nov-2020 20:07:25] NOTICE: fpm is running, pid 9573
[03-Nov-2020 20:07:25] NOTICE: ready to handle connections
[03-Nov-2020 20:09:03] NOTICE: fpm is running, pid 3473
[03-Nov-2020 20:09:03] NOTICE: ready to handle connections
[03-Nov-2020 20:09:43] NOTICE: Terminating ...
[03-Nov-2020 20:10:56] NOTICE: fpm is running, pid 1443
[03-Nov-2020 20:10:56] NOTICE: ready to handle connections
[03-Nov-2020 20:23:58] NOTICE: fpm is running, pid 4494
[03-Nov-2020 20:23:58] NOTICE: ready to handle connections
[04-Nov-2020 15:59:18] NOTICE: fpm is running, pid 1663
[04-Nov-2020 15:59:18] NOTICE: ready to handle connections
[04-Nov-2020 16:10:55] NOTICE: fpm is running, pid 1648
[04-Nov-2020 16:10:55] NOTICE: ready to handle connections
[04-Nov-2020 16:24:31] NOTICE: fpm is running, pid 1593
[04-Nov-2020 16:24:31] NOTICE: ready to handle connections
[04-Nov-2020 16:38:57] NOTICE: fpm is running, pid 1777
[04-Nov-2020 16:38:57] NOTICE: ready to handle connections
[04-Nov-2020 16:47:30] NOTICE: fpm is running, pid 1586
[04-Nov-2020 16:47:30] NOTICE: ready to handle connections
[05-Nov-2020 18:33:38] NOTICE: fpm is running, pid 825
[05-Nov-2020 18:33:38] NOTICE: ready to handle connections
[08-Nov-2020 03:01:40] NOTICE: fpm is running, pid 1641
[08-Nov-2020 03:01:40] NOTICE: ready to handle connections
[09-Nov-2020 05:01:46] NOTICE: fpm is running, pid 1707
[09-Nov-2020 05:01:46] NOTICE: ready to handle connections
[10-Nov-2020 08:03:37] NOTICE: fpm is running, pid 1552
[10-Nov-2020 08:03:37] NOTICE: ready to handle connections
[17-Nov-2020 15:10:58] NOTICE: Terminating ...
[17-Nov-2020 15:10:58] NOTICE: exiting, bye-bye!
[17-Nov-2020 15:13:11] NOTICE: fpm is running, pid 1642
[17-Nov-2020 15:13:11] NOTICE: ready to handle connections
[18-Nov-2020 19:37:55] NOTICE: fpm is running, pid 1598
[18-Nov-2020 19:37:55] NOTICE: ready to handle connections
[19-Nov-2020 14:27:00] NOTICE: fpm is running, pid 2267
[19-Nov-2020 14:27:00] NOTICE: ready to handle connections
[20-Nov-2020 03:26:40] NOTICE: fpm is running, pid 28585
[20-Nov-2020 03:26:40] NOTICE: ready to handle connections
[22-Nov-2020 15:41:34] NOTICE: fpm is running, pid 1640
[22-Nov-2020 15:41:34] NOTICE: ready to handle connections
[25-Nov-2020 07:54:23] NOTICE: fpm is running, pid 1573
[25-Nov-2020 07:54:23] NOTICE: ready to handle connections
[26-Nov-2020 15:51:41] NOTICE: fpm is running, pid 1762
[26-Nov-2020 15:51:41] NOTICE: ready to handle connections
[28-Nov-2020 20:16:17] NOTICE: fpm is running, pid 1672
[28-Nov-2020 20:16:17] NOTICE: ready to handle connections
[04-Dec-2020 06:23:36] NOTICE: fpm is running, pid 8303
[04-Dec-2020 06:23:36] NOTICE: ready to handle connections
[11-Dec-2020 14:55:43] NOTICE: fpm is running, pid 3593
[11-Dec-2020 14:55:43] NOTICE: ready to handle connections
[18-Dec-2020 14:33:11] NOTICE: Terminating ...
[18-Dec-2020 14:51:32] NOTICE: fpm is running, pid 3071
[18-Dec-2020 14:51:32] NOTICE: ready to handle connections
[26-Dec-2020 18:36:53] NOTICE: fpm is running, pid 1674
[26-Dec-2020 18:36:53] NOTICE: ready to handle connections
[15-Jan-2021 02:20:54] NOTICE: fpm is running, pid 2394
[15-Jan-2021 02:20:54] NOTICE: ready to handle connections
[15-Jan-2021 14:16:54] NOTICE: fpm is running, pid 2084
[15-Jan-2021 14:16:54] NOTICE: ready to handle connections
[18-Jan-2021 21:14:09] NOTICE: Terminating ...
[18-Jan-2021 21:15:47] NOTICE: fpm is running, pid 1596
[18-Jan-2021 21:15:47] NOTICE: ready to handle connections
[21-Jan-2021 22:58:47] NOTICE: fpm is running, pid 17269
[21-Jan-2021 22:58:47] NOTICE: ready to handle connections
[29-Jan-2021 14:07:26] NOTICE: Terminating ...
[29-Jan-2021 14:09:05] NOTICE: fpm is running, pid 1602
[29-Jan-2021 14:09:05] NOTICE: ready to handle connections
[01-Feb-2021 15:46:55] NOTICE: fpm is running, pid 2040
[01-Feb-2021 15:46:55] NOTICE: ready to handle connections
[09-Feb-2021 14:27:48] NOTICE: Terminating ...
[09-Feb-2021 14:40:51] NOTICE: fpm is running, pid 2771
[09-Feb-2021 14:40:51] NOTICE: ready to handle connections
[15-Feb-2021 22:17:35] NOTICE: Terminating ...
[15-Feb-2021 22:20:19] NOTICE: fpm is running, pid 1736
[15-Feb-2021 22:20:19] NOTICE: ready to handle connections
[15-Feb-2021 22:44:43] NOTICE: fpm is running, pid 1823
[15-Feb-2021 22:44:43] NOTICE: ready to handle connections
[16-Feb-2021 18:46:19] NOTICE: fpm is running, pid 1946
[16-Feb-2021 18:46:19] NOTICE: ready to handle connections
[17-Feb-2021 19:05:23] NOTICE: Terminating ...
[17-Feb-2021 19:05:23] NOTICE: exiting, bye-bye!
[17-Feb-2021 19:07:36] NOTICE: fpm is running, pid 2038
[17-Feb-2021 19:07:36] NOTICE: ready to handle connections
[21-Feb-2021 16:20:34] NOTICE: fpm is running, pid 1876
[21-Feb-2021 16:20:34] NOTICE: ready to handle connections
[26-Feb-2021 13:14:19] NOTICE: fpm is running, pid 2400
[26-Feb-2021 13:14:19] NOTICE: ready to handle connections
[26-Feb-2021 13:20:56] NOTICE: Terminating ...
[26-Feb-2021 13:22:00] NOTICE: fpm is running, pid 1810
[26-Feb-2021 13:22:00] NOTICE: ready to handle connections
[06-Mar-2021 03:09:31] NOTICE: fpm is running, pid 9057
[06-Mar-2021 03:09:31] NOTICE: ready to handle connections
[07-Mar-2021 18:18:37] NOTICE: Terminating ...
[07-Mar-2021 18:23:57] NOTICE: fpm is running, pid 2234
[07-Mar-2021 18:23:57] NOTICE: ready to handle connections
[14-Mar-2021 00:22:35] WARNING: [pool wvtohls] child 647 exited on signal 9 (SIGKILL) after 1218.157954 seconds from start
[14-Mar-2021 00:22:35] NOTICE: [pool wvtohls] child 11836 started
[14-Mar-2021 00:23:46] NOTICE: fpm is running, pid 12244
[14-Mar-2021 00:23:46] NOTICE: ready to handle connections
[14-Mar-2021 00:49:10] NOTICE: fpm is running, pid 2469
[14-Mar-2021 00:49:10] NOTICE: ready to handle connections
[14-Mar-2021 01:28:40] NOTICE: fpm is running, pid 31559
[14-Mar-2021 01:28:40] NOTICE: ready to handle connections
[16-Mar-2021 15:07:15] NOTICE: fpm is running, pid 3552
[16-Mar-2021 15:07:15] NOTICE: ready to handle connections
[16-Mar-2021 20:10:38] NOTICE: Terminating ...
[16-Mar-2021 20:16:15] NOTICE: fpm is running, pid 2794
[16-Mar-2021 20:16:15] NOTICE: ready to handle connections
[16-Mar-2021 20:29:20] NOTICE: fpm is running, pid 25423
[16-Mar-2021 20:29:20] NOTICE: ready to handle connections
[17-Mar-2021 04:38:31] NOTICE: fpm is running, pid 28257
[17-Mar-2021 04:38:31] NOTICE: ready to handle connections
[17-Mar-2021 05:21:26] WARNING: [pool wvtohls] child 1429 exited on signal 9 (SIGKILL) after 3.714920 seconds from start
[17-Mar-2021 05:21:26] NOTICE: [pool wvtohls] child 2013 started
[17-Mar-2021 05:21:53] NOTICE: fpm is running, pid 2344
[17-Mar-2021 05:21:53] NOTICE: ready to handle connections
[17-Mar-2021 05:30:24] NOTICE: fpm is running, pid 8038
[17-Mar-2021 05:30:24] NOTICE: ready to handle connections
[19-Mar-2021 15:25:43] NOTICE: fpm is running, pid 17526
[19-Mar-2021 15:25:43] NOTICE: ready to handle connections
[22-Mar-2021 17:31:15] NOTICE: fpm is running, pid 1939
[22-Mar-2021 17:31:15] NOTICE: ready to handle connections
[26-Mar-2021 23:14:07] NOTICE: fpm is running, pid 2223
[26-Mar-2021 23:14:07] NOTICE: ready to handle connections
[01-Apr-2021 14:34:55] NOTICE: Terminating ...
[01-Apr-2021 14:38:21] NOTICE: fpm is running, pid 2153
[01-Apr-2021 14:38:21] NOTICE: ready to handle connections
[05-Apr-2021 14:33:45] NOTICE: Terminating ...
[05-Apr-2021 14:33:45] NOTICE: exiting, bye-bye!
[05-Apr-2021 14:35:19] NOTICE: fpm is running, pid 1933
[05-Apr-2021 14:35:19] NOTICE: ready to handle connections
[10-Apr-2021 04:37:42] NOTICE: Terminating ...
[10-Apr-2021 04:39:25] NOTICE: fpm is running, pid 1936
[10-Apr-2021 04:39:25] NOTICE: ready to handle connections
[13-Apr-2021 20:33:15] NOTICE: Terminating ...
[13-Apr-2021 20:36:41] NOTICE: fpm is running, pid 2099
[13-Apr-2021 20:36:41] NOTICE: ready to handle connections
[17-Apr-2021 12:51:59] NOTICE: fpm is running, pid 1862
[17-Apr-2021 12:51:59] NOTICE: ready to handle connections
[20-Apr-2021 13:51:28] NOTICE: fpm is running, pid 3038
[20-Apr-2021 13:51:28] NOTICE: ready to handle connections
[23-Apr-2021 13:30:54] NOTICE: Terminating ...
[23-Apr-2021 13:33:44] NOTICE: fpm is running, pid 1986
[23-Apr-2021 13:33:44] NOTICE: ready to handle connections
[27-Apr-2021 13:43:20] NOTICE: fpm is running, pid 3946
[27-Apr-2021 13:43:20] NOTICE: ready to handle connections
[04-May-2021 18:16:50] NOTICE: Terminating ...
[04-May-2021 18:18:50] NOTICE: fpm is running, pid 2064
[04-May-2021 18:18:50] NOTICE: ready to handle connections
[05-May-2021 15:11:07] NOTICE: Terminating ...
[05-May-2021 15:13:13] NOTICE: fpm is running, pid 1940
[05-May-2021 15:13:13] NOTICE: ready to handle connections
[07-May-2021 13:05:26] NOTICE: Terminating ...
[07-May-2021 13:05:26] NOTICE: exiting, bye-bye!
[07-May-2021 13:07:56] NOTICE: fpm is running, pid 2041
[07-May-2021 13:07:56] NOTICE: ready to handle connections
[14-May-2021 01:19:12] NOTICE: fpm is running, pid 1979
[14-May-2021 01:19:12] NOTICE: ready to handle connections
[18-May-2021 14:02:33] NOTICE: fpm is running, pid 2395
[18-May-2021 14:02:33] NOTICE: ready to handle connections
[21-May-2021 14:04:24] NOTICE: fpm is running, pid 1976
[21-May-2021 14:04:24] NOTICE: ready to handle connections
[24-May-2021 13:24:23] NOTICE: fpm is running, pid 2125
[24-May-2021 13:24:23] NOTICE: ready to handle connections
[30-May-2021 15:31:13] NOTICE: Terminating ...
[30-May-2021 15:43:03] NOTICE: fpm is running, pid 2789
[30-May-2021 15:43:03] NOTICE: ready to handle connections
[02-Jun-2021 15:35:25] NOTICE: Terminating ...
[02-Jun-2021 15:37:49] NOTICE: fpm is running, pid 2035
[02-Jun-2021 15:37:49] NOTICE: ready to handle connections
[04-Jun-2021 14:14:57] NOTICE: fpm is running, pid 1980
[04-Jun-2021 14:14:57] NOTICE: ready to handle connections
[06-Jun-2021 15:33:49] NOTICE: fpm is running, pid 2669
[06-Jun-2021 15:33:49] NOTICE: ready to handle connections
[06-Jun-2021 15:44:25] NOTICE: fpm is running, pid 12340
[06-Jun-2021 15:44:25] NOTICE: ready to handle connections
[06-Jun-2021 15:50:24] NOTICE: fpm is running, pid 2158
[06-Jun-2021 15:50:24] NOTICE: ready to handle connections
[11-Jun-2021 13:17:31] NOTICE: Terminating ...
[11-Jun-2021 13:21:55] NOTICE: fpm is running, pid 2312
[11-Jun-2021 13:21:55] NOTICE: ready to handle connections
[15-Jun-2021 13:41:26] NOTICE: fpm is running, pid 2326
[15-Jun-2021 13:41:26] NOTICE: ready to handle connections
[23-Jun-2021 19:03:50] NOTICE: Terminating ...
[23-Jun-2021 19:06:03] NOTICE: fpm is running, pid 1989
[23-Jun-2021 19:06:03] NOTICE: ready to handle connections
[23-Jun-2021 19:12:16] NOTICE: fpm is running, pid 1882
[23-Jun-2021 19:12:16] NOTICE: ready to handle connections
[24-Jun-2021 18:54:27] NOTICE: Terminating ...
[24-Jun-2021 18:56:03] NOTICE: fpm is running, pid 1963
[24-Jun-2021 18:56:03] NOTICE: ready to handle connections
[26-Jun-2021 01:43:54] NOTICE: fpm is running, pid 12360
[26-Jun-2021 01:43:54] NOTICE: ready to handle connections
[28-Jun-2021 13:17:00] NOTICE: fpm is running, pid 2196
[28-Jun-2021 13:17:00] NOTICE: ready to handle connections
[29-Jun-2021 13:35:37] NOTICE: fpm is running, pid 21548
[29-Jun-2021 13:35:37] NOTICE: ready to handle connections
[01-Jul-2021 13:09:24] NOTICE: fpm is running, pid 13226
[01-Jul-2021 13:09:24] NOTICE: ready to handle connections
[04-Jul-2021 16:53:01] NOTICE: fpm is running, pid 1887
[04-Jul-2021 16:53:01] NOTICE: ready to handle connections
[05-Jul-2021 14:20:57] NOTICE: fpm is running, pid 2154
[05-Jul-2021 14:20:57] NOTICE: ready to handle connections
[05-Jul-2021 14:24:11] NOTICE: Terminating ...
[05-Jul-2021 14:25:26] NOTICE: fpm is running, pid 1881
[05-Jul-2021 14:25:26] NOTICE: ready to handle connections
[07-Jul-2021 12:58:40] NOTICE: fpm is running, pid 2022
[07-Jul-2021 12:58:40] NOTICE: ready to handle connections
[07-Jul-2021 13:00:39] NOTICE: Terminating ...
[07-Jul-2021 13:00:39] NOTICE: exiting, bye-bye!
[07-Jul-2021 13:34:49] NOTICE: fpm is running, pid 2349
[07-Jul-2021 13:34:49] NOTICE: ready to handle connections
[09-Jul-2021 13:10:32] NOTICE: fpm is running, pid 32512
[09-Jul-2021 13:10:32] NOTICE: ready to handle connections
[11-Jul-2021 16:01:40] NOTICE: fpm is running, pid 24300
[11-Jul-2021 16:01:40] NOTICE: ready to handle connections
[12-Jul-2021 14:03:42] NOTICE: fpm is running, pid 2337
[12-Jul-2021 14:03:42] NOTICE: ready to handle connections
[13-Jul-2021 22:21:35] NOTICE: fpm is running, pid 31603
[13-Jul-2021 22:21:35] NOTICE: ready to handle connections
[16-Jul-2021 23:36:47] NOTICE: fpm is running, pid 4649
[16-Jul-2021 23:36:47] NOTICE: ready to handle connections
[18-Jul-2021 06:26:06] NOTICE: Terminating ...
[18-Jul-2021 06:26:06] NOTICE: exiting, bye-bye!
[18-Jul-2021 06:29:46] NOTICE: fpm is running, pid 2111
[18-Jul-2021 06:29:46] NOTICE: ready to handle connections
[20-Jul-2021 15:00:54] NOTICE: fpm is running, pid 23964
[20-Jul-2021 15:00:54] NOTICE: ready to handle connections
[22-Jul-2021 14:18:45] NOTICE: fpm is running, pid 27030
[22-Jul-2021 14:18:45] NOTICE: ready to handle connections
[26-Jul-2021 18:39:26] NOTICE: fpm is running, pid 1810
[26-Jul-2021 18:39:26] NOTICE: ready to handle connections
[27-Jul-2021 15:50:01] NOTICE: fpm is running, pid 22036
[27-Jul-2021 15:50:01] NOTICE: ready to handle connections
[30-Jul-2021 15:15:14] NOTICE: fpm is running, pid 13774
[30-Jul-2021 15:15:14] NOTICE: ready to handle connections
[04-Aug-2021 15:26:05] NOTICE: fpm is running, pid 1869
[04-Aug-2021 15:26:05] NOTICE: ready to handle connections
[07-Aug-2021 12:53:24] NOTICE: fpm is running, pid 2309
[07-Aug-2021 12:53:24] NOTICE: ready to handle connections
[11-Aug-2021 03:32:10] NOTICE: fpm is running, pid 32024
[11-Aug-2021 03:32:10] NOTICE: ready to handle connections
[12-Aug-2021 16:45:05] NOTICE: fpm is running, pid 2206
[12-Aug-2021 16:45:05] NOTICE: ready to handle connections
[12-Aug-2021 16:56:27] NOTICE: fpm is running, pid 27564
[12-Aug-2021 16:56:27] NOTICE: ready to handle connections
[13-Aug-2021 18:42:09] NOTICE: fpm is running, pid 6278
[13-Aug-2021 18:42:09] NOTICE: ready to handle connections
[20-Aug-2021 03:42:17] NOTICE: fpm is running, pid 31919
[20-Aug-2021 03:42:17] NOTICE: ready to handle connections
[23-Aug-2021 13:45:36] WARNING: [pool wvtohls] child 19953 exited on signal 9 (SIGKILL) after 60.360121 seconds from start
[23-Aug-2021 13:45:36] NOTICE: [pool wvtohls] child 3630 started
[23-Aug-2021 13:49:26] NOTICE: fpm is running, pid 1982
[23-Aug-2021 13:49:26] NOTICE: ready to handle connections
[25-Aug-2021 01:35:34] NOTICE: fpm is running, pid 7896
[25-Aug-2021 01:35:34] NOTICE: ready to handle connections
[25-Aug-2021 14:09:59] NOTICE: fpm is running, pid 2437
[25-Aug-2021 14:09:59] NOTICE: ready to handle connections
[28-Aug-2021 15:18:57] NOTICE: fpm is running, pid 26889
[28-Aug-2021 15:18:57] NOTICE: ready to handle connections
[30-Aug-2021 13:59:44] NOTICE: fpm is running, pid 2020
[30-Aug-2021 13:59:44] NOTICE: ready to handle connections
[01-Sep-2021 13:36:24] NOTICE: fpm is running, pid 20748
[01-Sep-2021 13:36:24] NOTICE: ready to handle connections
[04-Sep-2021 13:07:39] NOTICE: fpm is running, pid 19395
[04-Sep-2021 13:07:39] NOTICE: ready to handle connections
[08-Sep-2021 18:16:04] NOTICE: fpm is running, pid 4272
[08-Sep-2021 18:16:04] NOTICE: ready to handle connections
[09-Sep-2021 13:05:37] NOTICE: fpm is running, pid 1948
[09-Sep-2021 13:05:37] NOTICE: ready to handle connections
[10-Sep-2021 00:51:11] NOTICE: fpm is running, pid 13007
[10-Sep-2021 00:51:11] NOTICE: ready to handle connections
[12-Sep-2021 14:58:51] NOTICE: fpm is running, pid 1824
[12-Sep-2021 14:58:51] NOTICE: ready to handle connections
[12-Sep-2021 15:19:23] NOTICE: fpm is running, pid 25128
[12-Sep-2021 15:19:23] NOTICE: ready to handle connections
[12-Sep-2021 15:27:33] NOTICE: fpm is running, pid 3742
[12-Sep-2021 15:27:33] NOTICE: ready to handle connections
[12-Sep-2021 16:07:35] NOTICE: Terminating ...
[12-Sep-2021 16:08:01] NOTICE: fpm is running, pid 1643
[12-Sep-2021 16:08:01] NOTICE: ready to handle connections
[13-Sep-2021 14:14:46] NOTICE: fpm is running, pid 26511
[13-Sep-2021 14:14:46] NOTICE: ready to handle connections
[14-Sep-2021 03:58:32] NOTICE: fpm is running, pid 22881
[14-Sep-2021 03:58:32] NOTICE: ready to handle connections
[15-Sep-2021 02:39:55] WARNING: [pool wvtohls] child 4912 exited on signal 9 (SIGKILL) after 518.174731 seconds from start
[15-Sep-2021 02:39:55] NOTICE: [pool wvtohls] child 10865 started
[15-Sep-2021 02:40:36] NOTICE: fpm is running, pid 11238
[15-Sep-2021 02:40:36] NOTICE: ready to handle connections
[15-Sep-2021 02:45:07] NOTICE: fpm is running, pid 2063
[15-Sep-2021 02:45:07] NOTICE: ready to handle connections
[15-Sep-2021 02:45:48] NOTICE: fpm is running, pid 8488
[15-Sep-2021 02:45:48] NOTICE: ready to handle connections
[15-Sep-2021 02:49:21] WARNING: [pool wvtohls] child 3259 exited on signal 9 (SIGKILL) after 27.419328 seconds from start
[15-Sep-2021 02:49:21] NOTICE: [pool wvtohls] child 6942 started
[15-Sep-2021 02:49:55] NOTICE: fpm is running, pid 1602
[15-Sep-2021 02:49:55] NOTICE: ready to handle connections
[15-Sep-2021 02:50:25] NOTICE: fpm is running, pid 5860
[15-Sep-2021 02:50:25] NOTICE: ready to handle connections
[17-Sep-2021 02:25:04] NOTICE: fpm is running, pid 13294
[17-Sep-2021 02:25:04] NOTICE: ready to handle connections
[17-Sep-2021 13:19:36] NOTICE: fpm is running, pid 2104
[17-Sep-2021 13:19:36] NOTICE: ready to handle connections
[17-Sep-2021 13:20:17] NOTICE: fpm is running, pid 12522
[17-Sep-2021 13:20:17] NOTICE: ready to handle connections
[17-Sep-2021 13:25:49] NOTICE: fpm is running, pid 1689
[17-Sep-2021 13:25:49] NOTICE: ready to handle connections
[17-Sep-2021 13:26:33] NOTICE: fpm is running, pid 8727
[17-Sep-2021 13:26:33] NOTICE: ready to handle connections
[17-Sep-2021 13:29:37] WARNING: [pool wvtohls] child 3322 exited on signal 9 (SIGKILL) after 6.787441 seconds from start
[17-Sep-2021 13:29:37] NOTICE: [pool wvtohls] child 4064 started
[17-Sep-2021 13:32:08] NOTICE: fpm is running, pid 4666
[17-Sep-2021 13:32:08] NOTICE: ready to handle connections
[22-Sep-2021 17:52:26] NOTICE: fpm is running, pid 13382
[22-Sep-2021 17:52:26] NOTICE: ready to handle connections
[23-Sep-2021 01:31:07] NOTICE: fpm is running, pid 12938
[23-Sep-2021 01:31:07] NOTICE: ready to handle connections
[23-Sep-2021 13:42:52] NOTICE: fpm is running, pid 1862
[23-Sep-2021 13:42:52] NOTICE: ready to handle connections
[23-Sep-2021 13:44:25] NOTICE: fpm is running, pid 15367
[23-Sep-2021 13:44:25] NOTICE: ready to handle connections
[23-Sep-2021 13:52:19] NOTICE: Terminating ...
[23-Sep-2021 13:52:19] NOTICE: exiting, bye-bye!
[23-Sep-2021 13:52:45] NOTICE: fpm is running, pid 1697
[23-Sep-2021 13:52:45] NOTICE: ready to handle connections
[23-Sep-2021 13:54:08] NOTICE: fpm is running, pid 10565
[23-Sep-2021 13:54:08] NOTICE: ready to handle connections
[23-Sep-2021 13:57:10] NOTICE: fpm is running, pid 1733
[23-Sep-2021 13:57:10] NOTICE: ready to handle connections
[23-Sep-2021 14:03:46] NOTICE: fpm is running, pid 5678
[23-Sep-2021 14:03:46] NOTICE: ready to handle connections
[24-Sep-2021 21:33:59] NOTICE: fpm is running, pid 32428
[24-Sep-2021 21:33:59] NOTICE: ready to handle connections
[25-Sep-2021 17:08:59] NOTICE: Terminating ...
[25-Sep-2021 17:10:00] NOTICE: fpm is running, pid 1722
[25-Sep-2021 17:10:00] NOTICE: ready to handle connections
[27-Sep-2021 02:28:24] NOTICE: fpm is running, pid 32445
[27-Sep-2021 02:28:24] NOTICE: ready to handle connections
[30-Sep-2021 23:45:34] NOTICE: fpm is running, pid 4895
[30-Sep-2021 23:45:34] NOTICE: ready to handle connections
[02-Oct-2021 00:45:11] NOTICE: fpm is running, pid 2151
[02-Oct-2021 00:45:11] NOTICE: ready to handle connections
[02-Oct-2021 14:13:33] NOTICE: fpm is running, pid 19953
[02-Oct-2021 14:13:33] NOTICE: ready to handle connections
[04-Oct-2021 14:14:05] NOTICE: fpm is running, pid 1971
[04-Oct-2021 14:14:05] NOTICE: ready to handle connections
[04-Oct-2021 14:15:49] NOTICE: fpm is running, pid 17480
[04-Oct-2021 14:15:49] NOTICE: ready to handle connections
[05-Oct-2021 03:28:06] NOTICE: fpm is running, pid 1597
[05-Oct-2021 03:28:06] NOTICE: ready to handle connections
[05-Oct-2021 17:46:36] NOTICE: fpm is running, pid 5798
[05-Oct-2021 17:46:36] NOTICE: ready to handle connections
[06-Oct-2021 17:22:24] NOTICE: fpm is running, pid 22676
[06-Oct-2021 17:22:24] NOTICE: ready to handle connections
[07-Oct-2021 13:28:43] NOTICE: fpm is running, pid 23394
[07-Oct-2021 13:28:43] NOTICE: ready to handle connections
[07-Oct-2021 13:42:18] NOTICE: fpm is running, pid 1955
[07-Oct-2021 13:42:18] NOTICE: ready to handle connections
[07-Oct-2021 13:47:29] NOTICE: fpm is running, pid 6319
[07-Oct-2021 13:47:29] NOTICE: ready to handle connections
[07-Oct-2021 13:52:17] NOTICE: fpm is running, pid 32336
[07-Oct-2021 13:52:17] NOTICE: ready to handle connections
[09-Oct-2021 16:14:57] NOTICE: fpm is running, pid 17163
[09-Oct-2021 16:14:57] NOTICE: ready to handle connections
[11-Oct-2021 03:34:38] NOTICE: fpm is running, pid 19613
[11-Oct-2021 03:34:38] NOTICE: ready to handle connections
[13-Oct-2021 01:17:15] WARNING: [pool wvtohls] child 4942 exited on signal 9 (SIGKILL) after 475.594780 seconds from start
[13-Oct-2021 01:17:15] NOTICE: [pool wvtohls] child 12692 started
[13-Oct-2021 01:18:30] NOTICE: fpm is running, pid 13120
[13-Oct-2021 01:18:30] NOTICE: ready to handle connections
[15-Oct-2021 13:45:30] NOTICE: fpm is running, pid 1594
[15-Oct-2021 13:45:30] NOTICE: ready to handle connections
[15-Oct-2021 13:50:43] NOTICE: fpm is running, pid 31608
[15-Oct-2021 13:50:43] NOTICE: ready to handle connections
[15-Oct-2021 13:59:32] NOTICE: fpm is running, pid 10834
[15-Oct-2021 13:59:32] NOTICE: ready to handle connections
[16-Oct-2021 04:42:05] WARNING: [pool wvtohls] child 1891 exited on signal 9 (SIGKILL) after 3.597781 seconds from start
[16-Oct-2021 04:42:32] NOTICE: fpm is running, pid 3174
[16-Oct-2021 04:42:32] NOTICE: ready to handle connections
[18-Oct-2021 02:20:52] NOTICE: fpm is running, pid 14257
[18-Oct-2021 02:20:52] NOTICE: ready to handle connections
[19-Oct-2021 05:27:28] NOTICE: fpm is running, pid 16954
[19-Oct-2021 05:27:28] NOTICE: ready to handle connections
[20-Oct-2021 13:06:01] NOTICE: fpm is running, pid 12183
[20-Oct-2021 13:06:01] NOTICE: ready to handle connections
[21-Oct-2021 01:36:29] WARNING: [pool wvtohls] child 6241 exited on signal 9 (SIGKILL) after 36.594442 seconds from start
[21-Oct-2021 01:36:29] NOTICE: [pool wvtohls] child 14873 started
[21-Oct-2021 01:37:03] NOTICE: fpm is running, pid 15248
[21-Oct-2021 01:37:03] NOTICE: ready to handle connections
[21-Oct-2021 02:35:23] NOTICE: fpm is running, pid 13255
[21-Oct-2021 02:35:23] NOTICE: ready to handle connections
[21-Oct-2021 16:09:15] NOTICE: fpm is running, pid 7118
[21-Oct-2021 16:09:15] NOTICE: ready to handle connections
[23-Oct-2021 04:47:42] NOTICE: fpm is running, pid 10451
[23-Oct-2021 04:47:42] NOTICE: ready to handle connections
[24-Oct-2021 23:46:10] NOTICE: fpm is running, pid 7031
[24-Oct-2021 23:46:10] NOTICE: ready to handle connections
[25-Oct-2021 14:30:00] NOTICE: fpm is running, pid 337
[25-Oct-2021 14:30:00] NOTICE: ready to handle connections
[29-Oct-2021 14:27:25] NOTICE: fpm is running, pid 25060
[29-Oct-2021 14:27:25] NOTICE: ready to handle connections
[30-Oct-2021 18:42:46] NOTICE: fpm is running, pid 12801
[30-Oct-2021 18:42:46] NOTICE: ready to handle connections
[31-Oct-2021 12:20:48] NOTICE: fpm is running, pid 18009
[31-Oct-2021 12:20:48] NOTICE: ready to handle connections
[31-Oct-2021 13:38:32] NOTICE: fpm is running, pid 1505
[31-Oct-2021 13:38:32] NOTICE: ready to handle connections
[31-Oct-2021 13:40:51] NOTICE: fpm is running, pid 15289
[31-Oct-2021 13:40:51] NOTICE: ready to handle connections
[01-Nov-2021 15:16:29] NOTICE: fpm is running, pid 23522
[01-Nov-2021 15:16:29] NOTICE: ready to handle connections
[03-Nov-2021 13:43:10] NOTICE: fpm is running, pid 13673
[03-Nov-2021 13:43:10] NOTICE: ready to handle connections
[04-Nov-2021 15:33:24] WARNING: [pool wvtohls] child 9030 exited on signal 9 (SIGKILL) after 168.179382 seconds from start
[04-Nov-2021 15:33:56] NOTICE: fpm is running, pid 30463
[04-Nov-2021 15:33:56] NOTICE: ready to handle connections
[04-Nov-2021 15:51:31] NOTICE: Terminating ...
[04-Nov-2021 15:51:31] NOTICE: exiting, bye-bye!
[04-Nov-2021 15:51:54] NOTICE: fpm is running, pid 1549
[04-Nov-2021 15:51:54] NOTICE: ready to handle connections
[04-Nov-2021 15:52:50] NOTICE: fpm is running, pid 4896
[04-Nov-2021 15:52:50] NOTICE: ready to handle connections
[04-Nov-2021 15:56:33] NOTICE: fpm is running, pid 27549
[04-Nov-2021 15:56:33] NOTICE: ready to handle connections
[04-Nov-2021 16:47:13] NOTICE: fpm is running, pid 30192
[04-Nov-2021 16:47:13] NOTICE: ready to handle connections
[07-Nov-2021 04:08:58] NOTICE: fpm is running, pid 30943
[07-Nov-2021 04:08:58] NOTICE: ready to handle connections
[08-Nov-2021 20:46:33] NOTICE: fpm is running, pid 20291
[08-Nov-2021 20:46:33] NOTICE: ready to handle connections
[10-Nov-2021 22:52:13] NOTICE: Terminating ...
[10-Nov-2021 22:52:13] NOTICE: exiting, bye-bye!
[10-Nov-2021 22:52:47] NOTICE: fpm is running, pid 1553
[10-Nov-2021 22:52:47] NOTICE: ready to handle connections
[10-Nov-2021 22:53:55] NOTICE: fpm is running, pid 4155
[10-Nov-2021 22:53:55] NOTICE: ready to handle connections
[12-Nov-2021 22:44:39] NOTICE: fpm is running, pid 8157
[12-Nov-2021 22:44:39] NOTICE: ready to handle connections
[13-Nov-2021 13:24:04] NOTICE: fpm is running, pid 8623
[13-Nov-2021 13:24:04] NOTICE: ready to handle connections
[14-Nov-2021 01:43:25] NOTICE: fpm is running, pid 2513
[14-Nov-2021 01:43:25] NOTICE: ready to handle connections
[15-Nov-2021 17:22:26] NOTICE: fpm is running, pid 24192
[15-Nov-2021 17:22:26] NOTICE: ready to handle connections
[17-Nov-2021 15:22:38] NOTICE: fpm is running, pid 5913
[17-Nov-2021 15:22:38] NOTICE: ready to handle connections
[19-Nov-2021 02:35:06] NOTICE: fpm is running, pid 10837
[19-Nov-2021 02:35:06] NOTICE: ready to handle connections
[20-Nov-2021 14:04:08] WARNING: [pool wvtohls] child 709 exited on signal 9 (SIGKILL) after 32.086220 seconds from start
[20-Nov-2021 14:04:08] NOTICE: [pool wvtohls] child 7760 started
[20-Nov-2021 14:05:56] NOTICE: fpm is running, pid 8257
[20-Nov-2021 14:05:56] NOTICE: ready to handle connections
[22-Nov-2021 00:39:23] NOTICE: fpm is running, pid 16073
[22-Nov-2021 00:39:23] NOTICE: ready to handle connections
[22-Nov-2021 00:50:50] NOTICE: fpm is running, pid 28165
[22-Nov-2021 00:50:50] NOTICE: ready to handle connections
[22-Nov-2021 14:33:26] NOTICE: fpm is running, pid 13516
[22-Nov-2021 14:33:26] NOTICE: ready to handle connections
[23-Nov-2021 14:17:29] NOTICE: fpm is running, pid 1700
[23-Nov-2021 14:17:29] NOTICE: ready to handle connections
[23-Nov-2021 14:19:04] NOTICE: fpm is running, pid 11010
[23-Nov-2021 14:19:04] NOTICE: ready to handle connections
[25-Nov-2021 12:25:24] WARNING: [pool wvtohls] child 4649 exited on signal 9 (SIGKILL) after 66.567054 seconds from start
[25-Nov-2021 12:25:24] NOTICE: [pool wvtohls] child 20648 started
[25-Nov-2021 12:26:00] NOTICE: fpm is running, pid 21097
[25-Nov-2021 12:26:00] NOTICE: ready to handle connections
[27-Nov-2021 22:00:57] NOTICE: fpm is running, pid 4894
[27-Nov-2021 22:00:57] NOTICE: ready to handle connections
[28-Nov-2021 23:52:07] NOTICE: fpm is running, pid 27882
[28-Nov-2021 23:52:07] NOTICE: ready to handle connections
[28-Nov-2021 23:52:59] NOTICE: fpm is running, pid 1657
[28-Nov-2021 23:52:59] NOTICE: ready to handle connections
[30-Nov-2021 01:16:41] NOTICE: fpm is running, pid 2723
[30-Nov-2021 01:16:41] NOTICE: ready to handle connections
[05-Dec-2021 00:50:09] NOTICE: fpm is running, pid 11771
[05-Dec-2021 00:50:09] NOTICE: ready to handle connections
[07-Dec-2021 01:10:47] NOTICE: fpm is running, pid 16834
[07-Dec-2021 01:10:47] NOTICE: ready to handle connections
[07-Dec-2021 16:08:43] NOTICE: fpm is running, pid 1531
[07-Dec-2021 16:08:43] NOTICE: ready to handle connections
[07-Dec-2021 16:10:27] NOTICE: fpm is running, pid 10341
[07-Dec-2021 16:10:27] NOTICE: ready to handle connections
[09-Dec-2021 16:28:26] NOTICE: fpm is running, pid 5610
[09-Dec-2021 16:28:26] NOTICE: ready to handle connections
[12-Dec-2021 15:40:12] WARNING: [pool wvtohls] child 1074 exited on signal 9 (SIGKILL) after 450.492778 seconds from start
[12-Dec-2021 15:40:12] NOTICE: [pool wvtohls] child 15282 started
[12-Dec-2021 15:41:02] NOTICE: fpm is running, pid 15742
[12-Dec-2021 15:41:02] NOTICE: ready to handle connections
[13-Dec-2021 14:01:33] NOTICE: fpm is running, pid 4499
[13-Dec-2021 14:01:33] NOTICE: ready to handle connections
[15-Dec-2021 23:58:05] NOTICE: fpm is running, pid 24294
[15-Dec-2021 23:58:05] NOTICE: ready to handle connections
[17-Dec-2021 02:06:06] NOTICE: fpm is running, pid 30808
[17-Dec-2021 02:06:06] NOTICE: ready to handle connections
[19-Dec-2021 14:06:03] NOTICE: fpm is running, pid 1991
[19-Dec-2021 14:06:03] NOTICE: ready to handle connections
[19-Dec-2021 14:08:03] NOTICE: fpm is running, pid 16762
[19-Dec-2021 14:08:03] NOTICE: ready to handle connections
[26-Dec-2021 23:24:49] NOTICE: fpm is running, pid 1612
[26-Dec-2021 23:24:49] NOTICE: ready to handle connections
[26-Dec-2021 23:25:35] NOTICE: fpm is running, pid 5253
[26-Dec-2021 23:25:35] NOTICE: ready to handle connections
[27-Dec-2021 14:47:30] NOTICE: fpm is running, pid 1687
[27-Dec-2021 14:47:30] NOTICE: ready to handle connections
[27-Dec-2021 14:49:46] NOTICE: fpm is running, pid 17354
[27-Dec-2021 14:49:46] NOTICE: ready to handle connections
[31-Dec-2021 01:09:24] NOTICE: fpm is running, pid 1599
[31-Dec-2021 01:09:24] NOTICE: ready to handle connections
[31-Dec-2021 01:10:11] NOTICE: fpm is running, pid 4622
[31-Dec-2021 01:10:11] NOTICE: ready to handle connections
[03-Jan-2022 16:02:49] NOTICE: fpm is running, pid 1632
[03-Jan-2022 16:02:49] NOTICE: ready to handle connections
[03-Jan-2022 16:03:09] NOTICE: fpm is running, pid 2513
[03-Jan-2022 16:03:09] NOTICE: ready to handle connections
[06-Jan-2022 15:55:29] NOTICE: fpm is running, pid 27560
[06-Jan-2022 15:55:29] NOTICE: ready to handle connections
[08-Jan-2022 18:54:32] WARNING: [pool wvtohls] child 4595 exited on signal 9 (SIGKILL) after 274.393759 seconds from start
[08-Jan-2022 18:54:32] NOTICE: [pool wvtohls] child 12109 started
[08-Jan-2022 18:55:29] NOTICE: fpm is running, pid 1630
[08-Jan-2022 18:55:29] NOTICE: ready to handle connections
[08-Jan-2022 18:55:52] NOTICE: fpm is running, pid 3058
[08-Jan-2022 18:55:52] NOTICE: ready to handle connections
[10-Jan-2022 00:01:28] NOTICE: fpm is running, pid 1709
[10-Jan-2022 00:01:28] NOTICE: ready to handle connections
[10-Jan-2022 00:01:46] NOTICE: fpm is running, pid 2465
[10-Jan-2022 00:01:46] NOTICE: ready to handle connections
[10-Jan-2022 06:14:10] NOTICE: Terminating ...
[10-Jan-2022 06:14:10] NOTICE: exiting, bye-bye!
[10-Jan-2022 06:14:33] NOTICE: fpm is running, pid 1609
[10-Jan-2022 06:14:33] NOTICE: ready to handle connections
[10-Jan-2022 06:16:16] NOTICE: fpm is running, pid 8304
[10-Jan-2022 06:16:16] NOTICE: ready to handle connections
[12-Jan-2022 11:14:34] NOTICE: fpm is running, pid 1685
[12-Jan-2022 11:14:34] NOTICE: ready to handle connections
[12-Jan-2022 11:15:02] NOTICE: fpm is running, pid 3101
[12-Jan-2022 11:15:02] NOTICE: ready to handle connections
[14-Jan-2022 02:54:29] NOTICE: fpm is running, pid 1582
[14-Jan-2022 02:54:29] NOTICE: ready to handle connections
[14-Jan-2022 02:54:56] NOTICE: fpm is running, pid 2713
[14-Jan-2022 02:54:56] NOTICE: ready to handle connections
[15-Jan-2022 14:20:13] NOTICE: fpm is running, pid 1735
[15-Jan-2022 14:20:13] NOTICE: ready to handle connections
[15-Jan-2022 14:20:59] NOTICE: fpm is running, pid 4173
[15-Jan-2022 14:20:59] NOTICE: ready to handle connections
[16-Jan-2022 18:08:11] NOTICE: fpm is running, pid 1711
[16-Jan-2022 18:08:11] NOTICE: ready to handle connections
[16-Jan-2022 18:08:43] NOTICE: fpm is running, pid 3314
[16-Jan-2022 18:08:43] NOTICE: ready to handle connections
[17-Jan-2022 15:22:57] NOTICE: fpm is running, pid 1640
[17-Jan-2022 15:22:57] NOTICE: ready to handle connections
[17-Jan-2022 15:24:55] NOTICE: fpm is running, pid 15303
[17-Jan-2022 15:24:55] NOTICE: ready to handle connections
[17-Jan-2022 22:53:03] NOTICE: fpm is running, pid 1705
[17-Jan-2022 22:53:03] NOTICE: ready to handle connections
[17-Jan-2022 22:53:23] NOTICE: fpm is running, pid 2597
[17-Jan-2022 22:53:23] NOTICE: ready to handle connections
[19-Jan-2022 22:08:09] NOTICE: fpm is running, pid 1751
[19-Jan-2022 22:08:09] NOTICE: ready to handle connections
[19-Jan-2022 22:08:38] NOTICE: fpm is running, pid 3408
[19-Jan-2022 22:08:38] NOTICE: ready to handle connections
[22-Jan-2022 12:26:45] NOTICE: fpm is running, pid 1965
[22-Jan-2022 12:26:45] NOTICE: ready to handle connections
[22-Jan-2022 12:27:26] NOTICE: fpm is running, pid 4262
[22-Jan-2022 12:27:26] NOTICE: ready to handle connections
[24-Jan-2022 20:53:24] NOTICE: fpm is running, pid 1178
[24-Jan-2022 20:53:24] NOTICE: ready to handle connections
[25-Jan-2022 13:59:20] NOTICE: fpm is running, pid 1946
[25-Jan-2022 13:59:20] NOTICE: ready to handle connections
[25-Jan-2022 14:00:01] NOTICE: fpm is running, pid 4316
[25-Jan-2022 14:00:01] NOTICE: ready to handle connections
[27-Jan-2022 19:22:19] NOTICE: fpm is running, pid 1722
[27-Jan-2022 19:22:19] NOTICE: ready to handle connections
[27-Jan-2022 19:22:46] NOTICE: fpm is running, pid 2997
[27-Jan-2022 19:22:46] NOTICE: ready to handle connections
[29-Jan-2022 13:23:01] NOTICE: fpm is running, pid 1523
[29-Jan-2022 13:23:01] NOTICE: ready to handle connections
[29-Jan-2022 13:24:08] NOTICE: fpm is running, pid 6605
[29-Jan-2022 13:24:08] NOTICE: ready to handle connections
[31-Jan-2022 13:58:24] NOTICE: fpm is running, pid 1562
[31-Jan-2022 13:58:24] NOTICE: ready to handle connections
[31-Jan-2022 13:59:29] NOTICE: fpm is running, pid 6230
[31-Jan-2022 13:59:29] NOTICE: ready to handle connections
[03-Feb-2022 14:35:21] NOTICE: fpm is running, pid 2035
[03-Feb-2022 14:35:21] NOTICE: ready to handle connections
[03-Feb-2022 14:35:43] NOTICE: fpm is running, pid 3194
[03-Feb-2022 14:35:43] NOTICE: ready to handle connections
[04-Feb-2022 14:56:46] NOTICE: fpm is running, pid 1758
[04-Feb-2022 14:56:46] NOTICE: ready to handle connections
[04-Feb-2022 14:57:01] NOTICE: fpm is running, pid 2382
[04-Feb-2022 14:57:01] NOTICE: ready to handle connections
[05-Feb-2022 12:14:19] NOTICE: fpm is running, pid 1654
[05-Feb-2022 12:14:19] NOTICE: ready to handle connections
[05-Feb-2022 12:14:49] NOTICE: fpm is running, pid 3225
[05-Feb-2022 12:14:49] NOTICE: ready to handle connections
[06-Feb-2022 14:31:40] NOTICE: fpm is running, pid 1554
[06-Feb-2022 14:31:40] NOTICE: ready to handle connections
[06-Feb-2022 14:32:04] NOTICE: fpm is running, pid 2907
[06-Feb-2022 14:32:04] NOTICE: ready to handle connections
[10-Feb-2022 10:11:44] NOTICE: fpm is running, pid 1614
[10-Feb-2022 10:11:44] NOTICE: ready to handle connections
[10-Feb-2022 10:13:07] NOTICE: fpm is running, pid 8838
[10-Feb-2022 10:13:07] NOTICE: ready to handle connections
[10-Feb-2022 14:26:29] NOTICE: fpm is running, pid 1628
[10-Feb-2022 14:26:29] NOTICE: ready to handle connections
[10-Feb-2022 14:27:06] NOTICE: fpm is running, pid 4049
[10-Feb-2022 14:27:06] NOTICE: ready to handle connections
[11-Feb-2022 13:51:43] NOTICE: fpm is running, pid 1681
[11-Feb-2022 13:51:43] NOTICE: ready to handle connections
[11-Feb-2022 13:54:32] NOTICE: fpm is running, pid 25106
[11-Feb-2022 13:54:32] NOTICE: ready to handle connections
[12-Feb-2022 13:37:30] NOTICE: fpm is running, pid 1581
[12-Feb-2022 13:37:30] NOTICE: ready to handle connections
[12-Feb-2022 13:38:04] NOTICE: fpm is running, pid 3680
[12-Feb-2022 13:38:04] NOTICE: ready to handle connections
[14-Feb-2022 14:15:30] NOTICE: fpm is running, pid 1594
[14-Feb-2022 14:15:30] NOTICE: ready to handle connections
[14-Feb-2022 14:16:02] NOTICE: fpm is running, pid 3588
[14-Feb-2022 14:16:02] NOTICE: ready to handle connections
[17-Feb-2022 17:48:45] NOTICE: fpm is running, pid 1594
[17-Feb-2022 17:48:45] NOTICE: ready to handle connections
[17-Feb-2022 17:50:07] NOTICE: fpm is running, pid 8752
[17-Feb-2022 17:50:07] NOTICE: ready to handle connections
[19-Feb-2022 13:49:22] NOTICE: fpm is running, pid 1580
[19-Feb-2022 13:49:22] NOTICE: ready to handle connections
[19-Feb-2022 13:49:59] NOTICE: fpm is running, pid 3553
[19-Feb-2022 13:49:59] NOTICE: ready to handle connections
[22-Feb-2022 13:27:55] NOTICE: fpm is running, pid 2236
[22-Feb-2022 13:27:55] NOTICE: ready to handle connections
[22-Feb-2022 13:28:12] NOTICE: fpm is running, pid 2897
[22-Feb-2022 13:28:12] NOTICE: ready to handle connections
[25-Feb-2022 01:35:36] NOTICE: fpm is running, pid 1744
[25-Feb-2022 01:35:36] NOTICE: ready to handle connections
[25-Feb-2022 01:35:52] NOTICE: fpm is running, pid 2316
[25-Feb-2022 01:35:52] NOTICE: ready to handle connections
[26-Feb-2022 12:13:37] NOTICE: fpm is running, pid 1955
[26-Feb-2022 12:13:37] NOTICE: ready to handle connections
[26-Feb-2022 12:14:06] NOTICE: fpm is running, pid 3524
[26-Feb-2022 12:14:06] NOTICE: ready to handle connections
[27-Feb-2022 13:18:25] NOTICE: fpm is running, pid 1685
[27-Feb-2022 13:18:25] NOTICE: ready to handle connections
[27-Feb-2022 13:18:41] NOTICE: fpm is running, pid 2355
[27-Feb-2022 13:18:41] NOTICE: ready to handle connections
[01-Mar-2022 00:35:13] NOTICE: fpm is running, pid 1997
[01-Mar-2022 00:35:13] NOTICE: ready to handle connections
[01-Mar-2022 00:35:41] NOTICE: fpm is running, pid 3074
[01-Mar-2022 00:35:41] NOTICE: ready to handle connections
[01-Mar-2022 01:17:08] NOTICE: fpm is running, pid 12967
[01-Mar-2022 01:17:08] NOTICE: ready to handle connections
[16-Mar-2022 10:33:33] NOTICE: fpm is running, pid 1595
[16-Mar-2022 10:33:33] NOTICE: ready to handle connections
[16-Mar-2022 10:34:04] NOTICE: fpm is running, pid 3204
[16-Mar-2022 10:34:04] NOTICE: ready to handle connections
[20-Mar-2022 13:24:49] NOTICE: fpm is running, pid 1594
[20-Mar-2022 13:24:49] NOTICE: ready to handle connections
[20-Mar-2022 13:25:35] NOTICE: fpm is running, pid 5203
[20-Mar-2022 13:25:35] NOTICE: ready to handle connections
